#
# A fatal error has been detected by the Java Runtime Environment:
#
#  SIGSEGV (0xb) at pc=0x000000011b10989c, pid=65710, tid=5891
#
# JRE version: OpenJDK Runtime Environment (8.0) (build 1.8.0-ea-lambda-nightly-h4016-20130415-b86-b00)
# Java VM: OpenJDK 64-Bit Server VM (25.0-b25 mixed mode bsd-amd64 compressed oops)
# Problematic frame:
# C  [libXnVFeatures_1_5_2.dylib+0x1a289c]  NACommonData::UpdateHybridMap()+0x8c
#
# Failed to write core dump. Core dumps have been disabled. To enable core dumping, try "ulimit -c unlimited" before starting Java again
#
# If you would like to submit a bug report, please visit:
#   http://bugreport.sun.com/bugreport/crash.jsp
# The crash happened outside the Java Virtual Machine in native code.
# See problematic frame for where to report the bug.
#

---------------  T H R E A D  ---------------

Current thread (0x00007fbe3d000000):  JavaThread "main" [_thread_in_native, id=5891, stack(0x0000000104cb3000,0x0000000104db3000)]

siginfo:si_signo=SIGSEGV: si_errno=0, si_code=1 (SEGV_MAPERR), si_addr=0x0000000000000000

Registers:
RAX=0x0000000000000000, RBX=0x000000011b307cb8, RCX=0x0000000000000d23, RDX=0x000000012529a000
RSP=0x0000000104db21e0, RBP=0x0000000104db2200, RSI=0x0000000000000500, RDI=0x0000000000000000
R8 =0x00000000000001df, R9 =0x0000000104db21b0, R10=0xffffffffffffffff, R11=0x000000012529a000
R12=0x000000011b308468, R13=0x0000000000000280, R14=0x0000000000000004, R15=0x0000000000000000
RIP=0x000000011b10989c, EFLAGS=0x0000000000010246, ERR=0x0000000000000006
  TRAPNO=0x000000000000000e

Top of Stack: (sp=0x0000000104db21e0)
0x0000000104db21e0:   0000000000000004 000000011b307cb8
0x0000000104db21f0:   000000011b307d00 000000011b307d5c
0x0000000104db2200:   0000000104db2250 000000011b10963b
0x0000000104db2210:   0000000104db2250 000000011aceb95c
0x0000000104db2220:   0000000051c571e8 00007fbe40931c00
0x0000000104db2230:   000000011e3c0000 0000000104db2364
0x0000000104db2240:   0000000000000001 0000000000000000
0x0000000104db2250:   0000000104db22f0 000000011af9c15b
0x0000000104db2260:   000000011ae67220 0000000104db24b8
0x0000000104db2270:   00007fbe3c6581a0 0000000000814e29
0x0000000104db2280:   0000000000814e29 0000000000000000
0x0000000104db2290:   3ff0000000000000 000000011ace606c
0x0000000104db22a0:   0000000000010004 0000000104db235c
0x0000000104db22b0:   0000000104db22c0 000000011ace95d4
0x0000000104db22c0:   0000000104db22f0 00007fbe40931c00
0x0000000104db22d0:   0000000104db2310 0000000104db2364
0x0000000104db22e0:   0000000104db2334 0000000104db235c
0x0000000104db22f0:   0000000104db23e0 000000011af773f9
0x0000000104db2300:   000000011b2f2fc0 0000000000000000
0x0000000104db2310:   0000000000558a92 000960000000002c
0x0000000104db2320:   0000000100000001 0000000104db2364
0x0000000104db2330:   04db231000000000 0000028000000001
0x0000000104db2340:   00000000000001e0 0000028000000000
0x0000000104db2350:   00000004000001e0 04db23340000001e
0x0000000104db2360:   1bd9700000000001 0000271100000001
0x0000000104db2370:   0000000104db2364 0000000104db233c
0x0000000104db2380:   0000000104db2340 0000000104db2308
0x0000000104db2390:   0000000104db233c 0000000104db2340
0x0000000104db23a0:   0000000000000007 0000000104db23b0
0x0000000104db23b0:   00007fbe3c39b370 00007fbe3c39b370
0x0000000104db23c0:   0000000104db24d0 0000000104db24b8
0x0000000104db23d0:   0000000104db24d0 00007fbe3e97d928 

Instructions: (pc=0x000000011b10989c)
0x000000011b10987c:   00 00 00 00 31 ff 66 66 66 66 66 2e 0f 1f 84 00
0x000000011b10988c:   00 00 00 00 0f b7 0c 3a 66 8b 8c 4b 38 23 00 00
0x000000011b10989c:   66 89 0c 38 48 83 c7 02 48 39 fe 75 e7 48 01 f2
0x000000011b1098ac:   48 01 f0 41 ff c7 45 39 c7 7e c9 48 83 c4 08 5b 

Register to memory mapping:

RAX=0x0000000000000000 is an unknown value
RBX=