#
# A fatal error has been detected by the Java Runtime Environment:
#
#  SIGSEGV (0xb) at pc=0x0000000124374ae0, pid=45582, tid=5891
#
# JRE version: OpenJDK Runtime Environment (8.0) (build 1.8.0-ea-lambda-nightly-h4016-20130415-b86-b00)
# Java VM: OpenJDK 64-Bit Server VM (25.0-b25 mixed mode bsd-amd64 compressed oops)
# Problematic frame:
# C  [libXnVFeatures_1_5_2.dylib+0x1adae0]  _ZN10NAFarfield22UpdateCCProperties_SSEEiiiiiPKtS1_S1_S1_S1_S1_S1_i+0x1b0
#
# Failed to write core dump. Core dumps have been disabled. To enable core dumping, try "ulimit -c unlimited" before starting Java again
#
# If you would like to submit a bug report, please visit:
#   http://bugreport.sun.com/bugreport/crash.jsp
# The crash happened outside the Java Virtual Machine in native code.
# See problematic frame for where to report the bug.
#

---------------  T H R E A D  ---------------

Current thread (0x00007facfd800000):  JavaThread "main" [_thread_in_native, id=5891, stack(0x000000010dffa000,0x000000010e0fa000)]

siginfo:si_signo=SIGSEGV: si_errno=0, si_code=1 (SEGV_MAPERR), si_addr=0x0000000000000000

Registers:
RAX=0x0000000000000000, RBX=0x00007facff033c60, RCX=0x0000000000000000, RDX=0x0000000000000000
RSP=0x000000010e0f82e0, RBP=0x000000010e0f8410, RSI=0x00007facff000000, RDI=0x00007fad00be3400
R8 =0x0000000000000000, R9 =0x00007facff033ee0, R10=0x00007facff033da0, R11=0x00000000000000a0
R12=0x0000000000000000, R13=0x0000000000000000, R14=0x00000001286a10f8, R15=0x00007fad00bbdc00
RIP=0x0000000124374ae0, EFLAGS=0x0000000000010246, ERR=0x0000000000000004
  TRAPNO=0x000000000000000e

Top of Stack: (sp=0x000000010e0f82e0)
0x000000010e0f82e0:   000000010d32b400 00000077ff033f60
0x000000010e0f82f0:   0000000000030028 0000000000000030
0x000000010e0f8300:   000000010e0f8350 00007facff033ee0
0x000000010e0f8310:   00007facff033da0 00007facff033c60
0x000000010e0f8320:   00000003286a1338 0000000000000000
0x000000010e0f8330:   00007fad00bd9e00 00007fad00bbdc00
0x000000010e0f8340:   00007fad00be3400 0000000000000078
0x000000010e0f8350:   000000010e0f8410 00007fad00a11a00
0x000000010e0f8360:   00007facfc1b2590 0000000000000000
0x000000010e0f8370:   00000001000000a0 00007fac00000000
0x000000010e0f8380:   00007fac00000078 00000001286a1308
0x000000010e0f8390:   00000078000001f6 00007fad00aa6600
0x000000010e0f83a0:   00007fad00bd9e00 0000000000000077
0x000000010e0f83b0:   000000000000000a 0000000000000076
0x000000010e0f83c0:   00007fad00000173 00007fad00bf6000
0x000000010e0f83d0:   00007fad00bd9e02 000000a000000000
0x000000010e0f83e0:   0000000000000000 00000001286a10f8
0x000000010e0f83f0:   0000000000000172 00000001286a10f8
0x000000010e0f8400:   00007fad00bd9e00 000000010e0f8fa8
0x000000010e0f8410:   000000010e0f84b0 00000001243745b6
0x000000010e0f8420:   00007fad00bd9e00 00007fad00bbdc00
0x000000010e0f8430:   00007fad00bf6000 00007fad00be3400
0x000000010e0f8440:   000000010e0f8470 0000000000000000
0x000000010e0f8450:   0000000000000000 00007fad00000172
0x000000010e0f8460:   0000000000bc7200 0000000124568e18
0x000000010e0f8470:   0000000000000000 000000010e0f8fa8
0x000000010e0f8480:   0000017200000173 00007fad00bc7200
0x000000010e0f8490:   000000010e0f9180 00000001287b63e0
0x000000010e0f84a0:   00000001286a11c0 00000001286a10f8
0x000000010e0f84b0:   000000010e0f9150 0000000124371f1f
0x000000010e0f84c0:   000000010e0f8fa8 00000001286c1168
0x000000010e0f84d0:   000000010000003c 000011bb2d23fb60 

Instructions: (pc=0x0000000124374ae0)
0x0000000124374ac0:   4c 8b bd 28 ff ff ff 48 8b bd 