#
# A fatal error has been detected by the Java Runtime Environment:
#
#  SIGFPE (0x8) at pc=0x000000012322976c, pid=63600, tid=5891
#
# JRE version: Java(TM) SE Runtime Environment (8.0-b84) (build 1.8.0-ea-b84)
# Java VM: Java HotSpot(TM) 64-Bit Server VM (25.0-b25 mixed mode bsd-amd64 compressed oops)
# Problematic frame:
# C  [libXnVFeatures_1_5_2.dylib+0x1c876c]  LBS::update_joint_visibility_and_trust()+0x27c
#
# Failed to write core dump. Core dumps have been disabled. To enable core dumping, try "ulimit -c unlimited" before starting Java again
#
# If you would like to submit a bug report, please visit:
#   http://bugreport.sun.com/bugreport/crash.jsp
# The crash happened outside the Java Virtual Machine in native code.
# See problematic frame for where to report the bug.
#

---------------  T H R E A D  ---------------

Current thread (0x00007fda4c000000):  JavaThread "main" [_thread_in_native, id=5891, stack(0x000000010cc87000,0x000000010cd87000)]

siginfo:si_signo=SIGFPE: si_errno=0, si_code=7 (FPE_FLTINV), si_addr=0x000000012322976c

Registers:
RAX=0x0000000000640000, RBX=0x0000000000000000, RCX=0x00007fda53a09c00, RDX=0x0000000000000000
RSP=0x000000010cd85698, RBP=0x000000010cd856c0, RSI=0x0000000000000000, RDI=0x0000000133c98000
R8 =0x0000000000000000, R9 =0x000000000000006c, R10=0x0000000000000002, R11=0x0000000000000003
R12=0x00007fda4f048a8c, R13=0x0000000000000052, R14=0x0000000000000060, R15=0x0000000000000001
RIP=0x000000012322976c, EFLAGS=0x0000000000010206, ERR=0x0000000000000000
  TRAPNO=0x0000000000000000

Top of Stack: (sp=0x000000010cd85698)
0x000000010cd85698:   0000000133c98000 0000000133d08f78
0x000000010cd856a8:   000000012754e5b0 0000000000000001
0x000000010cd856b8:   0000000133c98001 000000010cd85700
0x000000010cd856c8:   000000012322442a 000000012821f970
0x000000010cd856d8:   0000000131170000 0000000000000042
0x000000010cd856e8:   000000000000004d 00000001311a4ac0
0x000000010cd856f8:   0000000133c98000 000000010cd85780
0x000000010cd85708:   0000000123127f9e 000000770000009e
0x000000010cd85718:   000002a7000001d8 42be816942d78724
0x000000010cd85728:   0000000000000000 00000000440a3d54
0x000000010cd85738:   00000001233ee230 000000420000004d
0x000000010cd85748:   0000009e000001d8 000002a700000077
0x000000010cd85758:   0000000131170000 0000000000000000
0x000000010cd85768:   000000003608bd4e 00000000000065b2
0x000000010cd85778:   000000003608bd4e 000000010cd857b0
0x000000010cd85788:   0000000123129483 00000001233fcb50
0x000000010cd85798:   0000000131170000 00000000000065b2
0x000000010cd857a8:   000000003608bd4e 000000010cd86060
0x000000010cd857b8:   0000000123125f9e 0000000139348e68
0x000000010cd857c8:   80000000000065b1 00000001233ee230
0x000000010cd857d8:   7fffffff7fffffff 800000007fffffff
0x000000010cd857e8:   8000000080000000 00000001233ee230
0x000000010cd857f8:   7fffffff7fffffff 800000007fffffff
0x000000010cd85808:   8000000080000000 00000001233ee230
0x000000010cd85818:   7fffffff7fffffff 800000007fffffff
0x000000010cd85828:   8000000080000000 00000001233ee230
0x000000010cd85838:   7fffffff7fffffff 800000007fffffff
0x000000010cd85848:   8000000080000000 00000001233ee230
0x000000010cd85858:   7fffffff7fffffff 800000007fffffff
0x000000010cd85868:   8000000080000000 00000001233ee230
0x000000010cd85878:   7fffffff7fffffff 800000007fffffff
0x000000010cd85888:   8000000080000000 00000001233ee230 

Instructions: (pc=0x000000012322976c)
0x000000012322974c:   90 00 00 00 48 8b 90 30 0a 00 00 8a 8a a4 00 00
0x000000012322975c:   00 b8 c8 00 00 00 d3 e0 48 8b 8a 98 00 00 00 99
0x000000012322976c:   f7 3c b1 89 c2 f7 da b1 01 41 39 d1 7c 20 8b b7
0x000000012322977c:   98 00 00 00 01 c6 b1 01 41 39 f1 7f 11 41 39 d6 

Register to memory mapping:

RAX=0x0000000000640000 is an unknown value
RBX=0x0000000000000000 is an unknown value
RCX=0x00007fda53a09c00 is an unknown value
RDX=0x0000000000000000 is an unknown value
RSP=0x000000010cd85698 is pointing into the stack for thread: 0x00007fda4c000000
RBP=0x000000010cd856c0 is pointing into the stack for thread: 0x00007fda4c000000
RSI=0x0000000000000000 is an unknown value
RDI=0x0000000133c98000 is an unknown value
R8 =0x0000000000000000 is an unknown value
R9 =0x000000000000006c is an unknown value
R10=0x0000000000000002 is an unknown value
R11=0x0000000000000003 is an unknown value
R12=0x00007fda4f048a8c is an unknown value
R13=0x0000000000000052 is an unknown value
R14=0x0000000000000060 is an unknown value
R15=0x0000000000000001 is an unknown value


Stack: [0x000000010cc87000,0x000000010cd87000],  sp=0x000000010cd85698,  free space=1017k
Native frames: (J=compiled Java code, j=interpreted, Vv=VM code, C=native code)
C  [libXnVFeatures_1_5_2.dylib+0x1c876c]  LBS::update_joint_visibility_and_trust()+0x27c
C  [libXnVFeatures_1_5_2.dylib+0x1c342a]  LBS::Update(xn::SceneMetaData const&, int, Vector3D<int>, Box3D<int>)+0x28a
C  [libXnVFeatures_1_5_2.dylib+0xc6f9e]  FeatureExtractor::UpdateLBS(LBSOutputData&, LBS*)+0x15e
C  [libXnVFeatures_1_5_2.dylib+0xc8483]  FeatureExtractor::ApplyLBS(SensorTime, int)+0x33
C  [libXnVFeatures_1_5_2.dylib+0xc4f9e]  FeatureExtractor::Run(int, SensorTime, int)+0x2e
C  [libXnVFeatures_1_5_2.dylib+0xc4ad8]  FeatureExtractor::Update(int, SensorTime, int)+0xf8
C  [libXnVFeatures_1_5_2.dylib+0x150d8f]  MultiUserFeatureExtractor::Update(xn::DepthGenerator const&, xn::DepthMetaData const&, xn::SceneMetaData const&)+0x1ef
C  [libXnVFeatures_1_5_2.dylib+0x1a5a0]  XnVSkeletonGenerator::UpdateUsers()+0x6f0
C  [libXnVFeatures_1_5_2.dylib+0x148cf]  XnVSkeletonCrossHandsPose::UpdateUsers()+0x1f
C  [libXnVFeatures_1_5_2.dylib+0x229ec]  XnVSkeletonSelectionPoseGenerator::UpdateUsers()+0x1c
C  [libXnVFeatures_1_5_2.dylib+0x19e26]  XnVSkeletonGenerator::UpdateData()+0x56
C  [libOpenNI.dylib+0x2382a]  xnUpdateDataImpl(XnInternalNodeData*)+0x4f
C  [libOpenNI.dylib+0x1cf19]  xnUpdateTreeImpl(XnProductionNodesSet*, XnNodeInfo const*)+0x9f
C  [libOpenNI.dylib+0x1cb1b]  xnUpdateAll(XnContext*)+0xd8
C  [libOpenNI.dylib+0x1cdc7]  xnWaitAnyUpdateAll+0x55
j  org.OpenNI.NativeMethods.xnWaitAnyUpdateAll(J)I+0
j  org.OpenNI.Context.waitAnyUpdateAll()V+4
j  org.hypher.gradientea.artnet.player.io.kinect.KinectInput.waitAnyUpdateAll()V+4

Java frames: (J=compiled Java code, j=interpreted, Vv=VM code)
j  org.OpenNI.NativeMethods.xnWaitAnyUpdateAll(J)I+0
j  org.OpenNI.Context.waitAnyUpdateAll()V+4
j  org.hypher.gradientea.artnet.player.io.kinect.KinectInput.waitAnyUpdateAll()V+4
J  org.hypher.gradientea.artnet.player.io.kinect.KinectDisplay.updateDepth()V
J  org.hypher.gradientea.artnet.player.controller.PrototypeController.run()V
j  java.lang.Thread.run()V+11
j  org.hypher.gradientea.artnet.player.controller.PrototypeController.start()V+10
j  org.hypher.gradientea.artnet.player.controller.PrototypeController.main([Ljava/lang/String;)V+20
v  ~StubRoutines::call_stub

---------------  P R O C E S S  ---------------

Java Threads: ( => current thread )
  0x00007fda4d2e2000 JavaThread "AWT-EventQueue-0" [_thread_blocked, id=118023, stack(0x0000000130b6c000,0x0000000130c6c000)]
  0x00007fda4a127800 JavaThread "Java2D Disposer" daemon [_thread_blocked, id=110083, stack(0x00000001301d2000,0x00000001302d2000)]
  0x00007fda4a127000 JavaThread "AWT-Shutdown" [_thread_blocked, id=105735, stack(0x000000012f014000,0x000000012f114000)]
  0x00007fda53a74000 JavaThread "Java2D Queue Flusher" daemon [_thread_blocked, id=105479, stack(0x000000012eee4000,0x000000012efe4000)]
  0x00007fda4b9cb800 JavaThread "Thread-5" [_thread_blocked, id=103943, stack(0x000000012ec52000,0x000000012ed52000)]
  0x00007fda4b890800 JavaThread "Java Sound Event Dispatcher" daemon [_thread_blocked, id=102923, stack(0x000000012e971000,0x000000012ea71000)]
  0x00007fda4d0d7000 JavaThread "AppKit Thread" daemon [_thread_in_native, id=1799, stack(0x00007fff5347e000,0x00007fff53c7e000)]
  0x00007fda4b80c800 JavaThread "Thread-0" [_thread_in_native, id=27139, stack(0x000000011ebca000,0x000000011ecca000)]
  0x00007fda4a01c000 JavaThread "Service Thread" daemon [_thread_blocked, id=26115, stack(0x000000011e60a000,0x000000011e70a000)]
  0x00007fda4a01a000 JavaThread "C2 CompilerThread1" daemon [_thread_blocked, id=25603, stack(0x000000011e507000,0x000000011e607000)]
  0x00007fda4a00c000 JavaThread "C2 CompilerThread0" daemon [_thread_blocked, id=25091, stack(0x000000011e404000,0x000000011e504000)]
  0x00007fda4b80a000 JavaThread "JDWP Command Reader" daemon [_thread_in_native, id=24579, stack(0x000000011e301000,0x000000011e401000)]
  0x00007fda4c017800 JavaThread "JDWP Event Helper Thread" daemon [_thread_blocked, id=24067, stack(0x000000011e1fe000,0x000000011e2fe000)]
  0x00007fda4b801000 JavaThread "JDWP Transport Listener: dt_socket" daemon [_thread_blocked, id=23555, stack(0x000000011e0fb000,0x000000011e1fb000)]
  0x00007fda4c00a000 JavaThread "Signal Dispatcher" daemon [_thread_blocked, id=23043, stack(0x000000011dff2000,0x000000011e0f2000)]
  0x00007fda4d04c000 JavaThread "Finalizer" daemon [_thread_blocked, id=18691, stack(0x000000011dda1000,0x000000011dea1000)]
  0x00007fda4d04b000 JavaThread "Reference Handler" daemon [_thread_blocked, id=18179, stack(0x000000011dc9e000,0x000000011dd9e000)]
=>0x00007fda4c000000 JavaThread "main" [_thread_in_native, id=5891, stack(0x000000010cc87000,0x000000010cd87000)]

Other Threads:
  0x00007fda4d047800 VMThread [stack: 0x000000011db9b000,0x000000011dc9b000] [id=17667]
  0x00007fda4a025800 WatcherThread [stack: 0x000000011e70d000,0x000000011e80d000] [id=26627]

VM state:not at safepoint (normal execution)

VM Mutex/Monitor currently owned by a thread: None

Heap
 PSYoungGen      total 15936K, used 14827K [0x00000007aaab0000, 0x00000007abed0000, 0x0000000800000000)
  eden space 12032K, 91% used [0x00000007aaab0000,0x00000007ab566ee8,0x00000007ab670000)
  from space 3904K, 98% used [0x00000007ab680000,0x00000007aba44030,0x00000007aba50000)
  to   space 4288K, 0% used [0x00000007abaa0000,0x00000007abaa0000,0x00000007abed0000)
 ParOldGen       total 96640K, used 90769K [0x0000000700000000, 0x0000000705e60000, 0x00000007aaab0000)
  object space 96640K, 93% used [0x0000000700000000,0x00000007058a4558,0x0000000705e60000)
 Metaspace total 14376K, used 14001K, reserved 116736K
  data space     12529K, used 12272K, reserved 14336K
  class space    1847K, used 1728K, reserved 102400K

Card table byte_map: [0x0000000110761000,0x0000000110f62000] byte_map_base: 0x000000010cf61000

Polling page: 0x000000010cdca000

CodeCache: size=49152Kb used=2778Kb max_used=2785Kb free=46373Kb max_free_chunk=46312Kb
 bounds [0x000000010d6a1000, 0x000000010d971000, 0x00000001106a1000]
 total_blobs=1137 nmethods=648 adapters=450
 compilation: enabled

Compilation events (10 events):
Event: 819.496 Thread 0x00007fda4a01a000  684             com.google.common.cache.LocalCache$Segment::drainRecencyQueue (45 bytes)
Event: 819.501 Thread 0x00007fda4a01a000 nmethod 684 0x000000010d785750 code [0x000000010d785920, 0x000000010d785e88]
Event: 837.353 Thread 0x00007fda4a00c000  685             org.hypher.gradientea.artnet.player.controller.programs.ManualControlProgram::update (103 bytes)
Event: 837.370 Thread 0x00007fda4a00c000 nmethod 685 0x000000010d940b10 code [0x000000010d940e00, 0x000000010d941d70]
Event: 837.655 Thread 0x00007fda4a01a000  686             com.thoughtworks.xstream.converters.reflection.SerializationMethodInvoker::<init> (53 bytes)
Event: 837.660 Thread 0x00007fda4a01a000 nmethod 686 0x000000010d903d90 code [0x000000010d903f40, 0x000000010d904538]
Event: 904.004 Thread 0x00007fda4a00c000  687 %           org.hypher.gradientea.artnet.player.controller.programs.ManualControlProgram::update @ 18 (103 bytes)
Event: 904.014 Thread 0x00007fda4a00c000 nmethod 687% 0x000000010d953a50 code [0x000000010d953ce0, 0x000000010d954a30]
Event: 904.038 Thread 0x00007fda4a01a000  688             org.hypher.gradientea.artnet.player.controller.programs.ManualControlProgram::update (103 bytes)
Event: 904.054 Thread 0x00007fda4a01a000 nmethod 688 0x000000010d950090 code [0x000000010d950380, 0x000000010d951430]

GC Heap History (10 events):
Event: 909.445 GC heap before
{Heap before GC invocations=3902 (full 37):
 PSYoungGen      total 16704K, used 16005K [0x00000007aaab0000, 0x00000007abf80000, 0x0000000800000000)
  eden space 12352K, 98% used [0x00000007aaab0000,0x00000007ab695710,0x00000007ab6c0000)
  from space 4352K, 87% used [0x00000007abb40000,0x00000007abefc030,0x00000007abf80000)
  to   space 4480K, 0% used [0x00000007ab6c0000,0x00000007ab6c0000,0x00000007abb20000)
 ParOldGen       total 96640K, used 90673K [0x0000000700000000, 0x0000000705e60000, 0x00000007aaab0000)
  object space 96640K, 93% used [0x0000000700000000,0x000000070588c558,0x0000000705e60000)
 Metaspace total 14376K, used 14001K, reserved 116736K
  data space     12529K, used 12272K, reserved 14336K
  class space    1847K, used 1728K, reserved 102400K
Event: 909.447 GC heap after
Heap after GC invocations=3902 (full 37):
 PSYoungGen      total 16192K, used 3888K [0x00000007aaab0000, 0x00000007abf50000, 0x0000000800000000)
  eden space 12288K, 0% used [0x00000007aaab0000,0x00000007aaab0000,0x00000007ab6b0000)
  from space 3904K, 99% used [0x00000007ab6c0000,0x00000007aba8c030,0x00000007aba90000)
  to   space 4416K, 0% used [0x00000007abb00000,0x00000007abb00000,0x00000007abf50000)
 ParOldGen       total 96640K, used 90689K [0x0000000700000000, 0x0000000705e60000, 0x00000007aaab0000)
  object space 96640K, 93% used [0x0000000700000000,0x0000000705890558,0x0000000705e60000)
 Metaspace total 14376K, used 14001K, reserved 116736K
  data space     12529K, used 12272K, reserved 14336K
  class space    1847K, used 1728K, reserved 102400K
}
Event: 909.682 GC heap before
{Heap before GC invocations=3903 (full 37):
 PSYoungGen      total 16192K, used 16056K [0x00000007aaab0000, 0x00000007abf50000, 0x0000000800000000)
  eden space 12288K, 99% used [0x00000007aaab0000,0x00000007ab6922c8,0x00000007ab6b0000)
  from space 3904K, 99% used [0x00000007ab6c0000,0x00000007aba8c030,0x00000007aba90000)
  to   space 4416K, 0% used [0x00000007abb00000,0x00000007abb00000,0x00000007abf50000)
 ParOldGen       total 96640K, used 90689K [0x0000000700000000, 0x0000000705e60000, 0x00000007aaab0000)
  object space 96640K, 93% used [0x0000000700000000,0x0000000705890558,0x0000000705e60000)
 Metaspace total 14376K, used 14001K, reserved 116736K
  data space     12529K, used 12272K, reserved 14336K
  class space    1847K, used 1728K, reserved 102400K
Event: 909.683 GC heap after
Heap after GC invocations=3903 (full 37):
 PSYoungGen      total 16576K, used 3760K [0x00000007aaab0000, 0x00000007abf40000, 0x0000000800000000)
  eden space 12224K, 0% used [0x00000007aaab0000,0x00000007aaab0000,0x00000007ab6a0000)
  from space 4352K, 86% used [0x00000007abb00000,0x00000007abeac030,0x00000007abf40000)
  to   space 4416K, 0% used [0x00000007ab6a0000,0x00000007ab6a0000,0x00000007abaf0000)
 ParOldGen       total 96640K, used 90729K [0x0000000700000000, 0x0000000705e60000, 0x00000007aaab0000)
  object space 96640K, 93% used [0x0000000700000000,0x000000070589a558,0x0000000705e60000)
 Metaspace total 14376K, used 14001K, reserved 116736K
  data space     12529K, used 12272K, reserved 14336K
  class space    1847K, used 1728K, reserved 102400K
}
Event: 909.922 GC heap before
{Heap before GC invocations=3904 (full 37):
 PSYoungGen      total 16576K, used 15470K [0x00000007aaab0000, 0x00000007abf40000, 0x0000000800000000)
  eden space 12224K, 95% used [0x00000007aaab0000,0x00000007ab61fa38,0x00000007ab6a0000)
  from space 4352K, 86% used [0x00000007abb00000,0x00000007abeac030,0x00000007abf40000)
  to   space 4416K, 0% used [0x00000007ab6a0000,0x00000007ab6a0000,0x00000007abaf0000)
 ParOldGen       total 96640K, used 90729K [0x0000000700000000, 0x0000000705e60000, 0x00000007aaab0000)
  object space 96640K, 93% used [0x0000000700000000,0x000000070589a558,0x0000000705e60000)
 Metaspace total 14376K, used 14001K, reserved 116736K
  data space     12529K, used 12272K, reserved 14336K
  class space    1847K, used 1728K, reserved 102400K
Event: 909.924 GC heap after
Heap after GC invocations=3904 (full 37):
 PSYoungGen      total 16000K, used 3792K [0x00000007aaab0000, 0x00000007abf10000, 0x0000000800000000)
  eden space 12160K, 0% used [0x00000007aaab0000,0x00000007aaab0000,0x00000007ab690000)
  from space 3840K, 98% used [0x00000007ab6a0000,0x00000007aba54030,0x00000007aba60000)
  to   space 4352K, 0% used [0x00000007abad0000,0x00000007abad0000,0x00000007abf10000)
 ParOldGen       total 96640K, used 90745K [0x0000000700000000, 0x0000000705e60000, 0x00000007aaab0000)
  object space 96640K, 93% used [0x0000000700000000,0x000000070589e558,0x0000000705e60000)
 Metaspace total 14376K, used 14001K, reserved 116736K
  data space     12529K, used 12272K, reserved 14336K
  class space    1847K, used 1728K, reserved 102400K
}
Event: 910.194 GC heap before
{Heap before GC invocations=3905 (full 37):
 PSYoungGen      total 16000K, used 15432K [0x00000007aaab0000, 0x00000007abf10000, 0x0000000800000000)
  eden space 12160K, 95% used [0x00000007aaab0000,0x00000007ab60e220,0x00000007ab690000)
  from space 3840K, 98% used [0x00000007ab6a0000,0x00000007aba54030,0x00000007aba60000)
  to   space 4352K, 0% used [0x00000007abad0000,0x00000007abad0000,0x00000007abf10000)
 ParOldGen       total 96640K, used 90745K [0x0000000700000000, 0x0000000705e60000, 0x00000007aaab0000)
  object space 96640K, 93% used [0x0000000700000000,0x000000070589e558,0x0000000705e60000)
 Metaspace total 14376K, used 14001K, reserved 116736K
  data space     12529K, used 12272K, reserved 14336K
  class space    1847K, used 1728K, reserved 102400K
Event: 910.196 GC heap after
Heap after GC invocations=3905 (full 37):
 PSYoungGen      total 16256K, used 3760K [0x00000007aaab0000, 0x00000007abee0000, 0x0000000800000000)
  eden space 12096K, 0% used [0x00000007aaab0000,0x00000007aaab0000,0x00000007ab680000)
  from space 4160K, 90% used [0x00000007abad0000,0x00000007abe7c030,0x00000007abee0000)
  to   space 4288K, 0% used [0x00000007ab680000,0x00000007ab680000,0x00000007abab0000)
 ParOldGen       total 96640K, used 90761K [0x0000000700000000, 0x0000000705e60000, 0x00000007aaab0000)
  object space 96640K, 93% used [0x0000000700000000,0x00000007058a2558,0x0000000705e60000)
 Metaspace total 14376K, used 14001K, reserved 116736K
  data space     12529K, used 12272K, reserved 14336K
  class space    1847K, used 1728K, reserved 102400K
}
Event: 910.414 GC heap before
{Heap before GC invocations=3906 (full 37):
 PSYoungGen      total 16256K, used 15856K [0x00000007aaab0000, 0x00000007abee0000, 0x0000000800000000)
  eden space 12096K, 100% used [0x00000007aaab0000,0x00000007ab680000,0x00000007ab680000)
  from space 4160K, 90% used [0x00000007abad0000,0x00000007abe7c030,0x00000007abee0000)
  to   space 4288K, 0% used [0x00000007ab680000,0x00000007ab680000,0x00000007abab0000)
 ParOldGen       total 96640K, used 90761K [0x0000000700000000, 0x0000000705e60000, 0x00000007aaab0000)
  object space 96640K, 93% used [0x0000000700000000,0x00000007058a2558,0x0000000705e60000)
 Metaspace total 14376K, used 14001K, reserved 116736K
  data space     12529K, used 12272K, reserved 14336K
  class space    1847K, used 1728K, reserved 102400K
Event: 910.416 GC heap after
Heap after GC invocations=3906 (full 37):
 PSYoungGen      total 15936K, used 3856K [0x00000007aaab0000, 0x00000007abed0000, 0x0000000800000000)
  eden space 12032K, 0% used [0x00000007aaab0000,0x00000007aaab0000,0x00000007ab670000)
  from space 3904K, 98% used [0x00000007ab680000,0x00000007aba44030,0x00000007aba50000)
  to   space 4288K, 0% used [0x00000007abaa0000,0x00000007abaa0000,0x00000007abed0000)
 ParOldGen       total 96640K, used 90769K [0x0000000700000000, 0x0000000705e60000, 0x00000007aaab0000)
  object space 96640K, 93% used [0x0000000700000000,0x00000007058a4558,0x0000000705e60000)
 Metaspace total 14376K, used 14001K, reserved 116736K
  data space     12529K, used 12272K, reserved 14336K
  class space    1847K, used 1728K, reserved 102400K
}

Deoptimization events (10 events):
Event: 224.876 Thread 0x00007fda4b80c800 Uncommon trap: reason=class_check action=maybe_recompile pc=0x000000010d7218c4 method=java.util.regex.Pattern$Slice.match(Ljava/util/regex/Matcher;ILjava/lang/CharSequence;)Z @ 75
Event: 273.077 Thread 0x00007fda4c000000 Uncommon trap: reason=intrinsic action=make_not_entrant pc=0x000000010d8e57c8 method=org.hypher.gradientea.artnet.player.controller.programs.MotionControlProgram$JointMotion.getVelocity()D @ 17
Event: 296.480 Thread 0x00007fda4c000000 Uncommon trap: reason=intrinsic action=make_not_entrant pc=0x000000010d87f560 method=org.hypher.gradientea.artnet.player.controller.programs.MotionControlProgram$JointMotion.getVelocity()D @ 7
Event: 361.747 Thread 0x00007fda4d2e2000 Uncommon trap: reason=unreached action=reinterpret pc=0x000000010d7ef4c0 method=sun.java2d.pipe.BufferedContext.validate(Lsun/java2d/pipe/hw/AccelSurface;Lsun/java2d/pipe/hw/AccelSurface;Lsun/java2d/pipe/Region;Ljava/awt/Composite;Ljava/awt/geom/AffineTra
Event: 545.303 Thread 0x00007fda4d2e2000 Uncommon trap: reason=class_check action=maybe_recompile pc=0x000000010d80bee4 method=sun.java2d.pipe.DrawImage.renderImageXform(Lsun/java2d/SunGraphics2D;Ljava/awt/Image;Ljava/awt/geom/AffineTransform;IIIIILjava/awt/Color;)V @ 142
Event: 545.303 Thread 0x00007fda4d2e2000 Uncommon trap: reason=unreached action=reinterpret pc=0x000000010d7e8d04 method=sun.java2d.loops.Blit.getFromCache(Lsun/java2d/loops/SurfaceType;Lsun/java2d/loops/CompositeType;Lsun/java2d/loops/SurfaceType;)Lsun/java2d/loops/Blit; @ 11
Event: 640.420 Thread 0x00007fda4d2e2000 Uncommon trap: reason=class_check action=maybe_recompile pc=0x000000010d80bee4 method=sun.java2d.pipe.DrawImage.renderImageXform(Lsun/java2d/SunGraphics2D;Ljava/awt/Image;Ljava/awt/geom/AffineTransform;IIIIILjava/awt/Color;)V @ 142
Event: 670.172 Thread 0x00007fda4d2e2000 Uncommon trap: reason=class_check action=maybe_recompile pc=0x000000010d80bee4 method=sun.java2d.pipe.DrawImage.renderImageXform(Lsun/java2d/SunGraphics2D;Ljava/awt/Image;Ljava/awt/geom/AffineTransform;IIIIILjava/awt/Color;)V @ 142
Event: 678.628 Thread 0x00007fda4c000000 Uncommon trap: reason=intrinsic action=make_not_entrant pc=0x000000010d932eec method=org.hypher.gradientea.artnet.player.io.osc.OscHelper$OscMultitouch$Touch.getVelocity()D @ 17
Event: 838.160 Thread 0x00007fda4c000000 Uncommon trap: reason=intrinsic action=make_not_entrant pc=0x000000010d941ad8 method=org.hypher.gradientea.artnet.player.io.osc.OscHelper$OscMultitouch$Touch.getVelocity()D @ 7

Internal exceptions (10 events):
Event: 20.427 Thread 0x00007fda4d2e2000 Threw 0x00000007aade6828 at /HUDSON/workspace/2-build-macosx-x86_64/jdk8/3881/hotspot/src/share/vm/prims/jvm.cpp:1159
Event: 20.427 Thread 0x00007fda4d2e2000 Threw 0x00000007aaded978 at /HUDSON/workspace/2-build-macosx-x86_64/jdk8/3881/hotspot/src/share/vm/prims/jvm.cpp:1159
Event: 20.428 Thread 0x00007fda4d2e2000 Threw 0x00000007aadf4a40 at /HUDSON/workspace/2-build-macosx-x86_64/jdk8/3881/hotspot/src/share/vm/prims/jvm.cpp:1159
Event: 36.875 Thread 0x00007fda4c000000 Threw 0x00000007ab9d3a90 at /HUDSON/workspace/2-build-macosx-x86_64/jdk8/3881/hotspot/src/share/vm/prims/jvm.cpp:1159
Event: 61.348 Thread 0x00007fda4b80c800 Threw 0x00000007ad7d5668 at /HUDSON/workspace/2-build-macosx-x86_64/jdk8/3881/hotspot/src/share/vm/prims/jvm.cpp:1159
Event: 61.349 Thread 0x00007fda4b80c800 Threw 0x00000007ad7de3d0 at /HUDSON/workspace/2-build-macosx-x86_64/jdk8/3881/hotspot/src/share/vm/prims/jvm.cpp:1159
Event: 75.288 Thread 0x00007fda4c000000 Implicit null exception at 0x000000010d84a83f to 0x000000010d84b099
Event: 88.693 Thread 0x00007fda4c000000 Threw 0x00000007ab0bacc8 at /HUDSON/workspace/2-build-macosx-x86_64/jdk8/3881/hotspot/src/share/vm/prims/jvm.cpp:1159
Event: 88.729 Thread 0x00007fda4c000000 Threw 0x00000007ab0fde40 at /HUDSON/workspace/2-build-macosx-x86_64/jdk8/3881/hotspot/src/share/vm/prims/jvm.cpp:1159
Event: 224.846 Thread 0x00007fda4b80c800 Threw 0x00000007ab609038 at /HUDSON/workspace/2-build-macosx-x86_64/jdk8/3881/hotspot/src/share/vm/prims/jvm.cpp:1159

Events (10 events):
Event: 909.445 Executing VM operation: ParallelGCFailedAllocation
Event: 909.447 Executing VM operation: ParallelGCFailedAllocation done
Event: 909.681 Executing VM operation: ParallelGCFailedAllocation
Event: 909.683 Executing VM operation: ParallelGCFailedAllocation done
Event: 909.922 Executing VM operation: ParallelGCFailedAllocation
Event: 909.924 Executing VM operation: ParallelGCFailedAllocation done
Event: 910.194 Executing VM operation: ParallelGCFailedAllocation
Event: 910.196 Executing VM operation: ParallelGCFailedAllocation done
Event: 910.414 Executing VM operation: ParallelGCFailedAllocation
Event: 910.416 Executing VM operation: ParallelGCFailedAllocation done


Dynamic libraries:
0x00000000064c9000 	/System/Library/Frameworks/Cocoa.framework/Versions/A/Cocoa
0x00000000064c9000 	/System/Library/Frameworks/Security.framework/Versions/A/Security
0x00000000064c9000 	/System/Library/Frameworks/ApplicationServices.framework/Versions/A/ApplicationServices
0x00000000064c9000 	/usr/lib/libz.1.dylib
0x00000000064c9000 	/usr/lib/libSystem.B.dylib
0x00000000064c9000 	/usr/lib/libobjc.A.dylib
0x00000000064c9000 	/System/Library/Frameworks/CoreFoundation.framework/Versions/A/CoreFoundation
0x00000000064c9000 	/System/Library/Frameworks/AppKit.framework/Versions/C/AppKit
0x00000000064c9000 	/System/Library/Frameworks/CoreData.framework/Versions/A/CoreData
0x00000000064c9000 	/System/Library/Frameworks/Foundation.framework/Versions/C/Foundation
0x00000000064c9000 	/System/Library/PrivateFrameworks/RemoteViewServices.framework/Versions/A/RemoteViewServices
0x00000000064c9000 	/System/Library/Frameworks/AudioToolbox.framework/Versions/A/AudioToolbox
0x00000000064c9000 	/System/Library/Frameworks/AudioUnit.framework/Versions/A/AudioUnit
0x00000000064c9000 	/System/Library/PrivateFrameworks/DataDetectorsCore.framework/Versions/A/DataDetectorsCore
0x00000000064c9000 	/System/Library/PrivateFrameworks/DesktopServicesPriv.framework/Versions/A/DesktopServicesPriv
0x00000000064c9000 	/System/Library/Frameworks/Carbon.framework/Versions/A/Frameworks/HIToolbox.framework/Versions/A/HIToolbox
0x00000000064c9000 	/System/Library/Frameworks/QuartzCore.framework/Versions/A/QuartzCore
0x00000000064c9000 	/System/Library/Frameworks/Carbon.framework/Versions/A/Frameworks/SpeechRecognition.framework/Versions/A/SpeechRecognition
0x00000000064c9000 	/usr/lib/libauto.dylib
0x00000000064c9000 	/usr/lib/libicucore.A.dylib
0x00000000064c9000 	/usr/lib/libxml2.2.dylib
0x00000000064c9000 	/System/Library/PrivateFrameworks/CoreUI.framework/Versions/A/CoreUI
0x00000000064c9000 	/System/Library/Frameworks/CoreAudio.framework/Versions/A/CoreAudio
0x00000000064c9000 	/System/Library/Frameworks/DiskArbitration.framework/Versions/A/DiskArbitration
0x00000000064c9000 	/usr/lib/liblangid.dylib
0x00000000064c9000 	/System/Library/PrivateFrameworks/MultitouchSupport.framework/Versions/A/MultitouchSupport
0x00000000064c9000 	/System/Library/Frameworks/IOKit.framework/Versions/A/IOKit
0x00000000064c9000 	/usr/lib/libDiagnosticMessagesClient.dylib
0x00000000064c9000 	/System/Library/Frameworks/CoreServices.framework/Versions/A/CoreServices
0x00000000064c9000 	/System/Library/PrivateFrameworks/PerformanceAnalysis.framework/Versions/A/PerformanceAnalysis
0x00000000064c9000 	/System/Library/PrivateFrameworks/GenerationalStorage.framework/Versions/A/GenerationalStorage
0x00000000064c9000 	/System/Library/Frameworks/OpenGL.framework/Versions/A/OpenGL
0x00000000064c9000 	/System/Library/Frameworks/CoreText.framework/Versions/A/CoreText
0x00000000064c9000 	/System/Library/Frameworks/ImageIO.framework/Versions/A/ImageIO
0x00000000064c9000 	/System/Library/PrivateFrameworks/Backup.framework/Versions/A/Backup
0x00000000064c9000 	/System/Library/Frameworks/CFNetwork.framework/Versions/A/CFNetwork
0x00000000064c9000 	/System/Library/Frameworks/SystemConfiguration.framework/Versions/A/SystemConfiguration
0x00000000064c9000 	/usr/lib/libCRFSuite.dylib
0x00000000064c9000 	/System/Library/PrivateFrameworks/TCC.framework/Versions/A/TCC
0x00000000064c9000 	/usr/lib/libc++.1.dylib
0x00000000064c9000 	/usr/lib/libc++abi.dylib
0x00000000064c9000 	/usr/lib/system/libcache.dylib
0x00000000064c9000 	/usr/lib/system/libcommonCrypto.dylib
0x00000000064c9000 	/usr/lib/system/libcompiler_rt.dylib
0x00000000064c9000 	/usr/lib/system/libcopyfile.dylib
0x00000000064c9000 	/usr/lib/system/libdispatch.dylib
0x00000000064c9000 	/usr/lib/system/libdnsinfo.dylib
0x00000000064c9000 	/usr/lib/system/libdyld.dylib
0x00000000064c9000 	/usr/lib/system/libkeymgr.dylib
0x00000000064c9000 	/usr/lib/system/liblaunch.dylib
0x00000000064c9000 	/usr/lib/system/libmacho.dylib
0x00000000064c9000 	/usr/lib/system/libquarantine.dylib
0x00000000064c9000 	/usr/lib/system/libremovefile.dylib
0x00000000064c9000 	/usr/lib/system/libsystem_blocks.dylib
0x00000000064c9000 	/usr/lib/system/libsystem_c.dylib
0x00000000064c9000 	/usr/lib/system/libsystem_dnssd.dylib
0x00000000064c9000 	/usr/lib/system/libsystem_info.dylib
0x00000000064c9000 	/usr/lib/system/libsystem_kernel.dylib
0x00000000064c9000 	/usr/lib/system/libsystem_m.dylib
0x00000000064c9000 	/usr/lib/system/libsystem_network.dylib
0x00000000064c9000 	/usr/lib/system/libsystem_notify.dylib
0x00000000064c9000 	/usr/lib/system/libsystem_sandbox.dylib
0x00000000064c9000 	/usr/lib/system/libunc.dylib
0x00000000064c9000 	/usr/lib/system/libunwind.dylib
0x00000000064c9000 	/usr/lib/system/libxpc.dylib
0x00000000064c9000 	/usr/lib/system/libcorecrypto.dylib
0x00000000064c9000 	/usr/lib/libstdc++.6.dylib
0x00000000064c9000 	/usr/lib/libbsm.0.dylib
0x00000000064c9000 	/usr/lib/libsqlite3.dylib
0x00000000064c9000 	/usr/lib/libxar.1.dylib
0x00000000064c9000 	/usr/lib/libpam.2.dylib
0x00000000064c9000 	/usr/lib/libOpenScriptingUtil.dylib
0x00000000064c9000 	/usr/lib/libbz2.1.0.dylib
0x00000000064c9000 	/System/Library/Frameworks/CoreServices.framework/Versions/A/Frameworks/CarbonCore.framework/Versions/A/CarbonCore
0x00000000064c9000 	/System/Library/Frameworks/CoreServices.framework/Versions/A/Frameworks/Metadata.framework/Versions/A/Metadata
0x00000000064c9000 	/System/Library/Frameworks/CoreServices.framework/Versions/A/Frameworks/OSServices.framework/Versions/A/OSServices
0x00000000064c9000 	/System/Library/Frameworks/CoreServices.framework/Versions/A/Frameworks/SearchKit.framework/Versions/A/SearchKit
0x00000000064c9000 	/System/Library/Frameworks/CoreServices.framework/Versions/A/Frameworks/AE.framework/Versions/A/AE
0x00000000064c9000 	/System/Library/Frameworks/CoreServices.framework/Versions/A/Frameworks/LaunchServices.framework/Versions/A/LaunchServices
0x00000000064c9000 	/System/Library/Frameworks/CoreServices.framework/Versions/A/Frameworks/DictionaryServices.framework/Versions/A/DictionaryServices
0x00000000064c9000 	/System/Library/Frameworks/NetFS.framework/Versions/A/NetFS
0x00000000064c9000 	/usr/lib/system/libkxld.dylib
0x00000000064c9000 	/System/Library/PrivateFrameworks/NetAuth.framework/Versions/A/NetAuth
0x00000000064c9000 	/System/Library/Frameworks/OpenDirectory.framework/Versions/A/Frameworks/CFOpenDirectory.framework/Versions/A/CFOpenDirectory
0x00000000064c9000 	/usr/lib/libxslt.1.dylib
0x00000000064c9000 	/System/Library/PrivateFrameworks/FamilyControls.framework/Versions/A/FamilyControls
0x00000000064c9000 	/System/Library/Frameworks/Carbon.framework/Versions/A/Frameworks/Ink.framework/Versions/A/Ink
0x00000000064c9000 	/System/Library/Frameworks/ApplicationServices.framework/Versions/A/Frameworks/CoreGraphics.framework/Versions/A/CoreGraphics
0x00000000064c9000 	/System/Library/Frameworks/ApplicationServices.framework/Versions/A/Frameworks/ATS.framework/Versions/A/ATS
0x00000000064c9000 	/System/Library/Frameworks/ApplicationServices.framework/Versions/A/Frameworks/ColorSync.framework/Versions/A/ColorSync
0x00000000064c9000 	/System/Library/Frameworks/ApplicationServices.framework/Versions/A/Frameworks/HIServices.framework/Versions/A/HIServices
0x00000000064c9000 	/System/Library/Frameworks/ApplicationServices.framework/Versions/A/Frameworks/LangAnalysis.framework/Versions/A/LangAnalysis
0x00000000064c9000 	/System/Library/Frameworks/ApplicationServices.framework/Versions/A/Frameworks/PrintCore.framework/Versions/A/PrintCore
0x00000000064c9000 	/System/Library/Frameworks/ApplicationServices.framework/Versions/A/Frameworks/QD.framework/Versions/A/QD
0x00000000064c9000 	/System/Library/Frameworks/ApplicationServices.framework/Versions/A/Frameworks/SpeechSynthesis.framework/Versions/A/SpeechSynthesis
0x00000000064c9000 	/System/Library/Frameworks/IOSurface.framework/Versions/A/IOSurface
0x00000000064c9000 	/System/Library/Frameworks/Accelerate.framework/Versions/A/Accelerate
0x00000000064c9000 	/System/Library/Frameworks/ApplicationServices.framework/Versions/A/Frameworks/ATS.framework/Versions/A/Resources/libFontParser.dylib
0x00000000064c9000 	/System/Library/Frameworks/ApplicationServices.framework/Versions/A/Frameworks/ATS.framework/Versions/A/Resources/libFontRegistry.dylib
0x00000000064c9000 	/System/Library/Frameworks/Accelerate.framework/Versions/A/Frameworks/vImage.framework/Versions/A/vImage
0x00000000064c9000 	/System/Library/Frameworks/Accelerate.framework/Versions/A/Frameworks/vecLib.framework/Versions/A/vecLib
0x00000000064c9000 	/System/Library/Frameworks/Accelerate.framework/Versions/A/Frameworks/vecLib.framework/Versions/A/libvDSP.dylib
0x00000000064c9000 	/System/Library/Frameworks/Accelerate.framework/Versions/A/Frameworks/vecLib.framework/Versions/A/libvMisc.dylib
0x00000000064c9000 	/System/Library/Frameworks/Accelerate.framework/Versions/A/Frameworks/vecLib.framework/Versions/A/libLAPACK.dylib
0x00000000064c9000 	/System/Library/Frameworks/Accelerate.framework/Versions/A/Frameworks/vecLib.framework/Versions/A/libBLAS.dylib
0x00000000064c9000 	/System/Library/Frameworks/ImageIO.framework/Versions/A/Resources/libJPEG.dylib
0x00000000064c9000 	/System/Library/Frameworks/ImageIO.framework/Versions/A/Resources/libTIFF.dylib
0x00000000064c9000 	/System/Library/Frameworks/ImageIO.framework/Versions/A/Resources/libPng.dylib
0x00000000064c9000 	/System/Library/Frameworks/ImageIO.framework/Versions/A/Resources/libGIF.dylib
0x00000000064c9000 	/System/Library/Frameworks/ImageIO.framework/Versions/A/Resources/libJP2.dylib
0x00000000064c9000 	/System/Library/Frameworks/ImageIO.framework/Versions/A/Resources/libRadiance.dylib
0x00000000064c9000 	/usr/lib/libcups.2.dylib
0x00000000064c9000 	/System/Library/Frameworks/Kerberos.framework/Versions/A/Kerberos
0x00000000064c9000 	/System/Library/Frameworks/GSS.framework/Versions/A/GSS
0x00000000064c9000 	/usr/lib/libresolv.9.dylib
0x00000000064c9000 	/usr/lib/libiconv.2.dylib
0x00000000064c9000 	/System/Library/PrivateFrameworks/Heimdal.framework/Versions/A/Heimdal
0x00000000064c9000 	/System/Library/PrivateFrameworks/TrustEvaluationAgent.framework/Versions/A/TrustEvaluationAgent
0x00000000064c9000 	/System/Library/Frameworks/OpenDirectory.framework/Versions/A/OpenDirectory
0x00000000064c9000 	/System/Library/PrivateFrameworks/CommonAuth.framework/Versions/A/CommonAuth
0x00000000064c9000 	/System/Library/PrivateFrameworks/Bom.framework/Versions/A/Bom
0x00000000064c9000 	/System/Library/Frameworks/CoreVideo.framework/Versions/A/CoreVideo
0x00000000064c9000 	/System/Library/Frameworks/QuartzCore.framework/Versions/A/Frameworks/CoreImage.framework/Versions/A/CoreImage
0x00000000064c9000 	/System/Library/Frameworks/QuartzCore.framework/Versions/A/Frameworks/ScalableUserInterface.framework/Versions/A/ScalableUserInterface
0x00000000064c9000 	/System/Library/Frameworks/OpenGL.framework/Versions/A/Libraries/libGLU.dylib
0x00000000064c9000 	/System/Library/Frameworks/OpenGL.framework/Versions/A/Libraries/libGFXShared.dylib
0x00000000064c9000 	/System/Library/Frameworks/OpenGL.framework/Versions/A/Libraries/libGL.dylib
0x00000000064c9000 	/System/Library/Frameworks/OpenGL.framework/Versions/A/Libraries/libGLImage.dylib
0x00000000064c9000 	/System/Library/Frameworks/OpenGL.framework/Versions/A/Libraries/libCVMSPluginSupport.dylib
0x00000000064c9000 	/System/Library/Frameworks/OpenGL.framework/Versions/A/Libraries/libCoreVMClient.dylib
0x00000000064c9000 	/System/Library/PrivateFrameworks/CrashReporterSupport.framework/Versions/A/CrashReporterSupport
0x00000000064c9000 	/System/Library/Frameworks/OpenCL.framework/Versions/A/OpenCL
0x00000000064c9000 	/System/Library/PrivateFrameworks/FaceCoreLight.framework/Versions/A/FaceCoreLight
0x00000000064c9000 	/System/Library/PrivateFrameworks/AppleFSCompression.framework/Versions/A/AppleFSCompression
0x00000000064c9000 	/System/Library/PrivateFrameworks/Ubiquity.framework/Versions/A/Ubiquity
0x00000000064c9000 	/System/Library/Frameworks/ServiceManagement.framework/Versions/A/ServiceManagement
0x00000000064c9000 	/System/Library/PrivateFrameworks/ChunkingLibrary.framework/Versions/A/ChunkingLibrary
0x00000000064c9000 	/System/Library/Frameworks/vecLib.framework/Versions/A/vecLib
0x00000000064c9000 	/System/Library/Frameworks/SecurityFoundation.framework/Versions/A/SecurityFoundation
0x00000000064c9000 	/System/Library/PrivateFrameworks/CommerceKit.framework/Versions/A/Frameworks/CommerceCore.framework/Versions/A/CommerceCore
0x00000000064c9000 	/System/Library/PrivateFrameworks/CoreSymbolication.framework/Versions/A/CoreSymbolication
0x00000000064c9000 	/System/Library/PrivateFrameworks/Symbolication.framework/Versions/A/Symbolication
0x00000000064c9000 	/System/Library/PrivateFrameworks/DebugSymbols.framework/Versions/A/DebugSymbols
0x000000010c0ac000 	/Library/Java/JavaVirtualMachines/jdk1.8.0.jdk/Contents/Home/jre/lib/server/libjvm.dylib
0x000000010cd89000 	/Library/Java/JavaVirtualMachines/jdk1.8.0.jdk/Contents/Home/jre/lib/libverify.dylib
0x000000010cd96000 	/Library/Java/JavaVirtualMachines/jdk1.8.0.jdk/Contents/Home/jre/lib/libjava.dylib
0x000000010cdcb000 	/Library/Java/JavaVirtualMachines/jdk1.8.0.jdk/Contents/Home/jre/lib/libjdwp.dylib
0x000000010ce08000 	/Library/Java/JavaVirtualMachines/jdk1.8.0.jdk/Contents/Home/jre/lib/libnpt.dylib
0x000000010ce98000 	/Library/Java/JavaVirtualMachines/jdk1.8.0.jdk/Contents/Home/jre/lib/libzip.dylib
0x000000011dea3000 	/System/Library/Frameworks/JavaVM.framework/Frameworks/JavaRuntimeSupport.framework/JavaRuntimeSupport
0x000000011debb000 	/System/Library/Frameworks/JavaVM.framework/Versions/A/Frameworks/JavaNativeFoundation.framework/Versions/A/JavaNativeFoundation
0x000000011ded0000 	/System/Library/Frameworks/JavaVM.framework/Versions/A/JavaVM
0x00000000064c9000 	/System/Library/Frameworks/Carbon.framework/Versions/A/Carbon
0x000000011dedd000 	/System/Library/PrivateFrameworks/JavaLaunching.framework/Versions/A/JavaLaunching
0x00000000064c9000 	/System/Library/Frameworks/Carbon.framework/Versions/A/Frameworks/CommonPanels.framework/Versions/A/CommonPanels
0x00000000064c9000 	/System/Library/Frameworks/Carbon.framework/Versions/A/Frameworks/Help.framework/Versions/A/Help
0x00000000064c9000 	/System/Library/Frameworks/Carbon.framework/Versions/A/Frameworks/ImageCapture.framework/Versions/A/ImageCapture
0x00000000064c9000 	/System/Library/Frameworks/Carbon.framework/Versions/A/Frameworks/OpenScripting.framework/Versions/A/OpenScripting
0x00000000064c9000 	/System/Library/Frameworks/Carbon.framework/Versions/A/Frameworks/Print.framework/Versions/A/Print
0x00000000064c9000 	/System/Library/Frameworks/Carbon.framework/Versions/A/Frameworks/SecurityHI.framework/Versions/A/SecurityHI
0x000000011e0f4000 	/Library/Java/JavaVirtualMachines/jdk1.8.0.jdk/Contents/Home/jre/lib/libdt_socket.dylib
0x000000011eb6c000 	/Library/Java/JavaVirtualMachines/jdk1.8.0.jdk/Contents/Home/jre/lib/libnet.dylib
0x000000011eccc000 	/Library/Java/JavaVirtualMachines/jdk1.8.0.jdk/Contents/Home/jre/lib/libawt.dylib
0x000000011ed7b000 	/Library/Java/JavaVirtualMachines/jdk1.8.0.jdk/Contents/Home/jre/lib/./libmlib_image.dylib
0x000000011ee47000 	/Library/Java/JavaVirtualMachines/jdk1.8.0.jdk/Contents/Home/jre/lib/libawt_lwawt.dylib
0x000000011eef8000 	/Library/Java/JavaVirtualMachines/jdk1.8.0.jdk/Contents/Home/jre/lib/./libosxapp.dylib
0x000000011ef12000 	/System/Library/Frameworks/ExceptionHandling.framework/Versions/A/ExceptionHandling
0x00000000064c9000 	/System/Library/PrivateFrameworks/CoreServicesInternal.framework/Versions/A/CoreServicesInternal
0x00000000064c9000 	/System/Library/PrivateFrameworks/Librarian.framework/Versions/A/Librarian
0x00000000064c9000 	/System/Library/Frameworks/ApplicationServices.framework/Versions/A/Frameworks/CoreGraphics.framework/Versions/A/Resources/libCSync.A.dylib
0x00000000064c9000 	/System/Library/Frameworks/ApplicationServices.framework/Versions/A/Frameworks/CoreGraphics.framework/Versions/A/Resources/libRIP.A.dylib
0x00000000064c9000 	/System/Library/Frameworks/ApplicationServices.framework/Versions/A/Frameworks/CoreGraphics.framework/Versions/A/Resources/libCGXType.A.dylib
0x000000012021d000 	/Users/yona/devel/personal/GradienTea-stable/java/ArtNetPlayer/target/natives/libOpenNI.jni.dylib
0x0000000122de5000 	/usr/local/Cellar/openni/stable-1.5.2.23/lib/libOpenNI.dylib
0x0000000120244000 	/usr/local/lib/libusb-1.0.0.dylib
0x0000000122e6c000 	/usr/local/Cellar/openni/stable-1.5.2.23/lib/libnimMockNodes.dylib
0x0000000122ea2000 	/usr/local/Cellar/openni/stable-1.5.2.23/lib/libnimCodecs.dylib
0x0000000120256000 	/usr/local/Cellar/openni/stable-1.5.2.23/lib/libnimRecorder.dylib
0x0000000122f01000 	/usr/local/Cellar/sensor-kinect/0.91-5.1.0.25/lib/libXnDeviceSensorV2KM.dylib
0x0000000120281000 	/usr/local/Cellar/sensor-kinect/0.91-5.1.0.25/lib/libXnCore.dylib
0x0000000122f9d000 	/usr/local/Cellar/sensor-kinect/0.91-5.1.0.25/lib/libXnFormats.dylib
0x0000000122fe3000 	/usr/local/Cellar/sensor-kinect/0.91-5.1.0.25/lib/libXnDDK.dylib
0x000000012302b000 	/usr/local/Cellar/sensor-kinect/0.91-5.1.0.25/lib/libXnDeviceFile.dylib
0x0000000123061000 	/usr/local/Cellar/nite/1.5.2.21/lib/libXnVFeatures_1_5_2.dylib
0x00000001234ea000 	/usr/local/Cellar/nite/1.5.2.21/lib/libXnVHandGenerator_1_5_2.dylib
0x000000012129f000 	/System/Library/Extensions/IOUSBFamily.kext/Contents/PlugIns/IOUSBLib.bundle/Contents/MacOS/IOUSBLib
0x0000000128460000 	/Library/Java/JavaVirtualMachines/jdk1.8.0.jdk/Contents/Home/jre/lib/libjsound.dylib
0x000000012e8fd000 	/System/Library/Frameworks/CoreMIDI.framework/Versions/A/CoreMIDI
0x00000000064c9000 	/usr/lib/libexpat.1.dylib
0x00000001206c5000 	/System/Library/Extensions/AppleHDA.kext/Contents/PlugIns/AppleHDAHALPlugIn.bundle/Contents/MacOS/AppleHDAHALPlugIn
0x00000000bea73000 	/System/Library/Components/CoreAudio.component/Contents/MacOS/CoreAudio
0x000000012f116000 	/System/Library/Frameworks/OpenGL.framework/Resources/GLEngine.bundle/GLEngine
0x000000012f30b000 	/System/Library/Frameworks/OpenGL.framework/Versions/A/Libraries/libGLProgrammability.dylib
0x000000012f4b3000 	/System/Library/Extensions/AMDRadeonX3000GLDriver.bundle/Contents/MacOS/AMDRadeonX3000GLDriver
0x0000000128490000 	/System/Library/PrivateFrameworks/IOAccelerator.framework/Versions/A/IOAccelerator
0x000000012f7da000 	/System/Library/PrivateFrameworks/GPUSupport.framework/Versions/A/Libraries/libGPUSupportMercury.dylib
0x000000012fc11000 	/System/Library/Extensions/AppleIntelHD3000GraphicsGLDriver.bundle/Contents/MacOS/AppleIntelHD3000GraphicsGLDriver
0x00000001300fe000 	/System/Library/PrivateFrameworks/GPUSupport.framework/Versions/A/Libraries/libGPUSupport.dylib
0x0000000130138000 	/System/Library/Frameworks/OpenGL.framework/Resources//GLRendererFloat.bundle/GLRendererFloat
0x000000012849d000 	/System/Library/Frameworks/OpenCL.framework/Versions/A/Libraries/libcldcpuengine.dylib
0x00000000064c9000 	/System/Library/PrivateFrameworks/DiskImages.framework/Versions/A/DiskImages
0x00000000064c9000 	/System/Library/Frameworks/DiscRecording.framework/Versions/A/DiscRecording
0x00000000064c9000 	/usr/lib/libcurl.4.dylib
0x00000000064c9000 	/System/Library/PrivateFrameworks/MediaKit.framework/Versions/A/MediaKit
0x00000000064c9000 	/usr/lib/libssl.0.9.8.dylib
0x00000000064c9000 	/usr/lib/libcrypto.0.9.8.dylib
0x00000000064c9000 	/System/Library/Frameworks/LDAP.framework/Versions/A/LDAP
0x00000000064c9000 	/usr/lib/libsasl2.2.dylib
0x00000001302d4000 	/Library/Java/JavaVirtualMachines/jdk1.8.0.jdk/Contents/Home/jre/lib/libfontmanager.dylib
0x0000000130320000 	/Library/Java/JavaVirtualMachines/jdk1.8.0.jdk/Contents/Home/jre/lib/libosxui.dylib
0x0000000131f9e000 	/Library/Java/JavaVirtualMachines/jdk1.8.0.jdk/Contents/Home/jre/lib/libnio.dylib
0x0000000132b8e000 	/Library/Java/JavaVirtualMachines/jdk1.8.0.jdk/Contents/Home/jre/lib/libdcpr.dylib
0x00000000064c9000 	/System/Library/Frameworks/ApplicationServices.framework/Versions/A/Frameworks/ATS.framework/Versions/A/Resources/libTrueTypeScaler.dylib
0x00000000064c9000 	/System/Library/CoreServices/RawCamera.bundle/Contents/MacOS/RawCamera

VM Arguments:
jvm_args: -agentlib:jdwp=transport=dt_socket,address=127.0.0.1:54857,suspend=y,server=n -Djava.library.path=ArtNetPlayer/target/natives -Dfile.encoding=UTF-8 
java_command: org.hypher.gradientea.artnet.player.controller.PrototypeController
java_class_path (initial): /Library/Java/JavaVirtualMachines/jdk1.8.0.jdk/Contents/Home/lib/ant-javafx.jar:/Library/Java/JavaVirtualMachines/jdk1.8.0.jdk/Contents/Home/lib/dt.jar:/Library/Java/JavaVirtualMachines/jdk1.8.0.jdk/Contents/Home/lib/javafx-mx.jar:/Library/Java/JavaVirtualMachines/jdk1.8.0.jdk/Contents/Home/lib/jconsole.jar:/Library/Java/JavaVirtualMachines/jdk1.8.0.jdk/Contents/Home/lib/sa-jdi.jar:/Library/Java/JavaVirtualMachines/jdk1.8.0.jdk/Contents/Home/lib/tools.jar:/Library/Java/JavaVirtualMachines/jdk1.8.0.jdk/Contents/Home/jre/lib/charsets.jar:/Library/Java/JavaVirtualMachines/jdk1.8.0.jdk/Contents/Home/jre/lib/deploy.jar:/Library/Java/JavaVirtualMachines/jdk1.8.0.jdk/Contents/Home/jre/lib/htmlconverter.jar:/Library/Java/JavaVirtualMachines/jdk1.8.0.jdk/Contents/Home/jre/lib/javaws.jar:/Library/Java/JavaVirtualMachines/jdk1.8.0.jdk/Contents/Home/jre/lib/jce.jar:/Library/Java/JavaVirtualMachines/jdk1.8.0.jdk/Contents/Home/jre/lib/jfr.jar:/Library/Java/JavaVirtualMachines/jdk1.8.0.jdk/Contents/Home/jre/lib/JObjC.jar:/Library/Java/JavaVirtualMachines/jdk1.8.0.jdk/Contents/Home/jre/lib/jsse.jar:/Library/Java/JavaVirtualMachines/jdk1.8.0.jdk/Contents/Home/jre/lib/management-agent.jar:/Library/Java/JavaVirtualMachines/jdk1.8.0.jdk/Contents/Home/jre/lib/plugin.jar:/Library/Java/JavaVirtualMachines/jdk1.8.0.jdk/Contents/Home/jre/lib/resources.jar:/Library/Java/JavaVirtualMachines/jdk1.8.0.jdk/Contents/Home/jre/lib/rt.jar:/Library/Java/JavaVirtualMachines/jdk1.8.0.jdk/Contents/Home/jre/lib/tzdb.jar:/Library/Java/JavaVirtualMachines/jdk1.8.0.jdk/Contents/Home/jre/lib/ext/cldrdata.jar:/Library/Java/JavaVirtualMachines/jdk1.8.0.jdk/Contents/Home/jre/lib/ext/dnsns.jar:/Library/Java/JavaVirtualMachines/jdk1.8.0.jdk/Contents/Home/jre/lib/ext/jfxrt.jar:/Library/Java/JavaVirtualMachines/jdk1.8.0.jdk/Contents/Home/jre/lib/ext/localedata.jar:/Library/Java/JavaVirtualMachines/jdk1.8.0.jdk/Contents/Home/jre/lib/ext/nashorn.jar:/Library/Java/JavaVirtualMachines/jdk1.
Launcher Type: SUN_STANDARD

Environment Variables:
PATH=/usr/bin:/bin:/usr/sbin:/sbin
SHELL=/bin/bash
DISPLAY=/tmp/launch-G2Dn5e/org.macosforge.xquartz:0

Signal Handlers:
SIGSEGV: [libjvm.dylib+0x513483], sa_mask[0]=0xfffefeff, sa_flags=0x00000042
SIGBUS: [libjvm.dylib+0x513483], sa_mask[0]=0xfffefeff, sa_flags=0x00000042
SIGFPE: [libjvm.dylib+0x3fc7a2], sa_mask[0]=0xfffefeff, sa_flags=0x00000042
SIGPIPE: [libjvm.dylib+0x3fc7a2], sa_mask[0]=0xfffefeff, sa_flags=0x00000042
SIGXFSZ: [libjvm.dylib+0x3fc7a2], sa_mask[0]=0xfffefeff, sa_flags=0x00000042
SIGILL: [libjvm.dylib+0x3fc7a2], sa_mask[0]=0xfffefeff, sa_flags=0x00000042
SIGUSR1: SIG_DFL, sa_mask[0]=0x00000000, sa_flags=0x00000002
SIGUSR2: [libjvm.dylib+0x3fc302], sa_mask[0]=0x00000004, sa_flags=0x00000042
SIGHUP: [libjvm.dylib+0x3fa783], sa_mask[0]=0xfffefeff, sa_flags=0x00000042
SIGINT: [libjvm.dylib+0x3fa783], sa_mask[0]=0xfffefeff, sa_flags=0x00000042
SIGTERM: [libjvm.dylib+0x3fa783], sa_mask[0]=0xfffefeff, sa_flags=0x00000042
SIGQUIT: [libjvm.dylib+0x3fa783], sa_mask[0]=0xfffefeff, sa_flags=0x00000042


---------------  S Y S T E M  ---------------

OS:Bsduname:Darwin 12.4.0 Darwin Kernel Version 12.4.0: Wed May  1 17:57:12 PDT 2013; root:xnu-2050.24.15~1/RELEASE_X86_64 x86_64
rlimit: STACK 8192k, CORE 0k, NPROC 709, NOFILE 10240, AS infinity
load average:5.04 4.95 4.97

CPU:total 8 (4 cores per cpu, 2 threads per core) family 6 model 42 stepping 7, cmov, cx8, fxsr, mmx, sse, sse2, sse3, ssse3, sse4.1, sse4.2, popcnt, avx, aes, ht, tsc, tscinvbit

Memory: 4k page, physical 16777216k(4194304k free)

/proc/meminfo:


vm_info: Java HotSpot(TM) 64-Bit Server VM (25.0-b25) for bsd-amd64 JRE (1.8.0-ea-b84), built on Apr  4 2013 09:34:13 by "java_re" with gcc 4.2.1 (Based on Apple Inc. build 5658) (LLVM build 2336.11.00)

time: Sat Jun 22 23:51:29 2013
elapsed time: 910 seconds

